# JRE version: OpenJDK Runtime Environment (8.0_362-b09) (build 1.8.0_362-b09)
# Java VM: OpenJDK 64-Bit Server VM (25.362-b09 mixed mode windows-amd64 compressed oops)
Heap:
 PSYoungGen      total 141824K, used 15142K [0x000000076b000000, 0x000000077c500000, 0x00000007c0000000)
  eden space 131072K, 11% used [0x000000076b000000,0x000000076bec9ab0,0x0000000773000000)
  from space 10752K, 0% used [0x0000000773000000,0x0000000773000000,0x0000000773a80000)
  to   space 10752K, 0% used [0x000000077ba80000,0x000000077ba80000,0x000000077c500000)
 ParOldGen       total 131584K, used 18578K [0x00000006c1000000, 0x00000006c9080000, 0x000000076b000000)
  object space 131584K, 14% used [0x00000006c1000000,0x00000006c2224940,0x00000006c9080000)
 Metaspace       used 21934K, capacity 22298K, committed 22400K, reserved 1069056K
  class space    used 2766K, capacity 2879K, committed 2944K, reserved 1048576K
GC Heap History (8 events):
Event: 0.539 GC heap before
{Heap before GC invocations=1 (full 0):
 PSYoungGen      total 76288K, used 65536K [0x000000076b000000, 0x0000000770500000, 0x00000007c0000000)
  eden space 65536K, 100% used [0x000000076b000000,0x000000076f000000,0x000000076f000000)
  from space 10752K, 0% used [0x000000076fa80000,0x000000076fa80000,0x0000000770500000)
  to   space 10752K, 0% used [0x000000076f000000,0x000000076f000000,0x000000076fa80000)
 ParOldGen       total 175104K, used 0K [0x00000006c1000000, 0x00000006cbb00000, 0x000000076b000000)
  object space 175104K, 0% used [0x00000006c1000000,0x00000006c1000000,0x00000006cbb00000)
 Metaspace       used 10124K, capacity 10316K, committed 10624K, reserved 1058816K
  class space    used 1208K, capacity 1288K, committed 1408K, reserved 1048576K
Event: 0.545 GC heap after
Heap after GC invocations=1 (full 0):
 PSYoungGen      total 76288K, used 10741K [0x000000076b000000, 0x0000000774500000, 0x00000007c0000000)
  eden space 65536K, 0% used [0x000000076b000000,0x000000076b000000,0x000000076f000000)
  from space 10752K, 99% used [0x000000076f000000,0x000000076fa7d408,0x000000076fa80000)
  to   space 10752K, 0% used [0x0000000773a80000,0x0000000773a80000,0x0000000774500000)
 ParOldGen       total 175104K, used 2920K [0x00000006c1000000, 0x00000006cbb00000, 0x000000076b000000)
  object space 175104K, 1% used [0x00000006c1000000,0x00000006c12da1c8,0x00000006cbb00000)
 Metaspace       used 10124K, capacity 10316K, committed 10624K, reserved 1058816K
  class space    used 1208K, capacity 1288K, committed 1408K, reserved 1048576K
}
Event: 0.959 GC heap before
{Heap before GC invocations=2 (full 0):
 PSYoungGen      total 76288K, used 76277K [0x000000076b000000, 0x0000000774500000, 0x00000007c0000000)
  eden space 65536K, 100% used [0x000000076b000000,0x000000076f000000,0x000000076f000000)
  from space 10752K, 99% used [0x000000076f000000,0x000000076fa7d408,0x000000076fa80000)
  to   space 10752K, 0% used [0x0000000773a80000,0x0000000773a80000,0x0000000774500000)
 ParOldGen       total 175104K, used 2920K [0x00000006c1000000, 0x00000006cbb00000, 0x000000076b000000)
  object space 175104K, 1% used [0x00000006c1000000,0x00000006c12da1c8,0x00000006cbb00000)
 Metaspace       used 17018K, capacity 17230K, committed 17408K, reserved 1064960K
  class space    used 2155K, capacity 2259K, committed 2304K, reserved 1048576K
Event: 0.967 GC heap after
Heap after GC invocations=2 (full 0):
 PSYoungGen      total 141824K, used 10727K [0x000000076b000000, 0x0000000774500000, 0x00000007c0000000)
  eden space 131072K, 0% used [0x000000076b000000,0x000000076b000000,0x0000000773000000)
  from space 10752K, 99% used [0x0000000773a80000,0x00000007744f9c70,0x0000000774500000)
  to   space 10752K, 0% used [0x0000000773000000,0x0000000773000000,0x0000000773a80000)
 ParOldGen       total 175104K, used 11465K [0x00000006c1000000, 0x00000006cbb00000, 0x000000076b000000)
  object space 175104K, 6% used [0x00000006c1000000,0x00000006c1b327f8,0x00000006cbb00000)
 Metaspace       used 17018K, capacity 17230K, committed 17408K, reserved 1064960K
  class space    used 2155K, capacity 2259K, committed 2304K, reserved 1048576K
}
Event: 1.391 GC heap before
{Heap before GC invocations=3 (full 0):
 PSYoungGen      total 141824K, used 58389K [0x000000076b000000, 0x0000000774500000, 0x00000007c0000000)
  eden space 131072K, 36% used [0x000000076b000000,0x000000076de8bb78,0x0000000773000000)
  from space 10752K, 99% used [0x0000000773a80000,0x00000007744f9c70,0x0000000774500000)
  to   space 10752K, 0% used [0x0000000773000000,0x0000000773000000,0x0000000773a80000)
 ParOldGen       total 175104K, used 11465K [0x00000006c1000000, 0x00000006cbb00000, 0x000000076b000000)
  object space 175104K, 6% used [0x00000006c1000000,0x00000006c1b327f8,0x00000006cbb00000)
 Metaspace       used 20860K, capacity 21116K, committed 21248K, reserved 1067008K
  class space    used 2652K, capacity 2746K, committed 2816K, reserved 1048576K
Event: 1.399 GC heap after
Heap after GC invocations=3 (full 0):
 PSYoungGen      total 141824K, used 10723K [0x000000076b000000, 0x000000077c500000, 0x00000007c0000000)
  eden space 131072K, 0% used [0x000000076b000000,0x000000076b000000,0x0000000773000000)
  from space 10752K, 99% used [0x0000000773000000,0x0000000773a78e18,0x0000000773a80000)
  to   space 10752K, 0% used [0x000000077ba80000,0x000000077ba80000,0x000000077c500000)
 ParOldGen       total 175104K, used 17366K [0x00000006c1000000, 0x00000006cbb00000, 0x000000076b000000)
  object space 175104K, 9% used [0x00000006c1000000,0x00000006c20f5a60,0x00000006cbb00000)
 Metaspace       used 20860K, capacity 21116K, committed 21248K, reserved 1067008K
  class space    used 2652K, capacity 2746K, committed 2816K, reserved 1048576K
}
Event: 1.399 GC heap before
{Heap before GC invocations=4 (full 1):
 PSYoungGen      total 141824K, used 10723K [0x000000076b000000, 0x000000077c500000, 0x00000007c0000000)
  eden space 131072K, 0% used [0x000000076b000000,0x000000076b000000,0x0000000773000000)
  from space 10752K, 99% used [0x0000000773000000,0x0000000773a78e18,0x0000000773a80000)
  to   space 10752K, 0% used [0x000000077ba80000,0x000000077ba80000,0x000000077c500000)
 ParOldGen       total 175104K, used 17366K [0x00000006c1000000, 0x00000006cbb00000, 0x000000076b000000)
  object space 175104K, 9% used [0x00000006c1000000,0x00000006c20f5a60,0x00000006cbb00000)
 Metaspace       used 20860K, capacity 21116K, committed 21248K, reserved 1067008K
  class space    used 2652K, capacity 2746K, committed 2816K, reserved 1048576K
Event: 1.433 GC heap after
Heap after GC invocations=4 (full 1):
 PSYoungGen      total 141824K, used 0K [0x000000076b000000, 0x000000077c500000, 0x00000007c0000000)
  eden space 131072K, 0% used [0x000000076b000000,0x000000076b000000,0x0000000773000000)
  from space 10752K, 0% used [0x0000000773000000,0x0000000773000000,0x0000000773a80000)
  to   space 10752K, 0% used [0x000000077ba80000,0x000000077ba80000,0x000000077c500000)
 ParOldGen       total 131584K, used 18578K [0x00000006c1000000, 0x00000006c9080000, 0x000000076b000000)
  object space 131584K, 14% used [0x00000006c1000000,0x00000006c2224940,0x00000006c9080000)
 Metaspace       used 20860K, capacity 21116K, committed 21248K, reserved 1067008K
  class space    used 2652K, capacity 2746K, committed 2816K, reserved 1048576K
}

